<?xml version="1.0" encoding="UTF-8"?>
<!-- Generated by org.testng.reporters.JUnitXMLReporter -->
<testsuite hostname="TABLET-94I7MRL4" ignored="2" name="Add To Cart" tests="3" failures="1" timestamp="01 May 2022 16:53:05 GMT" time="36.613" errors="0">
  <testcase name="verifyAddCrt" time="4.843" classname="testCases.AddToCart_001">
    <failure type="java.lang.AssertionError" message="expected [T-shirts - My Stor] but found [T-shirts - My Store]">
      <![CDATA[java.lang.AssertionError: expected [T-shirts - My Stor] but found [T-shirts - My Store]
	at testCases.AddToCart_001.verifyAddCrt(AddToCart_001.java:25)
... Removed 35 stack frames]]>
    </failure>
  </testcase> <!-- verifyAddCrt -->
  <testcase name="addCasualDrs" time="9.389" classname="testCases.AddToCart_002"/>
  <testcase name="addSmrDrs" time="20.279" classname="testCases.AddToCart_002"/>
  <testcase name="@AfterSuite tearDown" time="0.0" classname="base.BaseClass">
    <ignored/>
  </testcase> <!-- @AfterSuite tearDown -->
  <testcase name="@BeforeSuite init" time="0.0" classname="base.BaseClass">
    <ignored/>
  </testcase> <!-- @BeforeSuite init -->
</testsuite> <!-- Add To Cart -->
